# JRE version: OpenJDK Runtime Environment (8.0_112-b06) (build 1.8.0_112-release-b06)
# Java VM: OpenJDK 64-Bit Server VM (25.112-b06 mixed mode windows-amd64 compressed oops)
Heap:
 PSYoungGen      total 203264K, used 8061K [0x00000000e0000000, 0x00000000edc80000, 0x0000000100000000)
  eden space 189952K, 0% used [0x00000000e0000000,0x00000000e0000000,0x00000000eb980000)
  from space 13312K, 60% used [0x00000000ecf80000,0x00000000ed75f568,0x00000000edc80000)
  to   space 17920K, 0% used [0x00000000eb980000,0x00000000eb980000,0x00000000ecb00000)
 ParOldGen       total 75776K, used 49044K [0x00000000a0000000, 0x00000000a4a00000, 0x00000000e0000000)
  object space 75776K, 64% used [0x00000000a0000000,0x00000000a2fe52a8,0x00000000a4a00000)
 Metaspace       used 56745K, capacity 59008K, committed 59028K, reserved 1099776K
  class space    used 7671K, capacity 8185K, committed 8192K, reserved 1048576K
GC Heap History (10 events):
Event: 7.202 GC heap after
Heap after GC invocations=12 (full 2):
 PSYoungGen      total 118272K, used 8636K [0x00000000e0000000, 0x00000000e8300000, 0x0000000100000000)
  eden space 109568K, 0% used [0x00000000e0000000,0x00000000e0000000,0x00000000e6b00000)
  from space 8704K, 99% used [0x00000000e7a80000,0x00000000e82ef0d8,0x00000000e8300000)
  to   space 11264K, 0% used [0x00000000e6d00000,0x00000000e6d00000,0x00000000e7800000)
 ParOldGen       total 75776K, used 17435K [0x00000000a0000000, 0x00000000a4a00000, 0x00000000e0000000)
  object space 75776K, 23% used [0x00000000a0000000,0x00000000a1106eb0,0x00000000a4a00000)
 Metaspace       used 38163K, capacity 38962K, committed 39168K, reserved 1083392K
  class space    used 5111K, capacity 5337K, committed 5376K, reserved 1048576K
}
Event: 7.924 GC heap before
{Heap before GC invocations=13 (full 2):
 PSYoungGen      total 118272K, used 118204K [0x00000000e0000000, 0x00000000e8300000, 0x0000000100000000)
  eden space 109568K, 100% used [0x00000000e0000000,0x00000000e6b00000,0x00000000e6b00000)
  from space 8704K, 99% used [0x00000000e7a80000,0x00000000e82ef0d8,0x00000000e8300000)
  to   space 11264K, 0% used [0x00000000e6d00000,0x00000000e6d00000,0x00000000e7800000)
 ParOldGen       total 75776K, used 17435K [0x00000000a0000000, 0x00000000a4a00000, 0x00000000e0000000)
  object space 75776K, 23% used [0x00000000a0000000,0x00000000a1106eb0,0x00000000a4a00000)
 Metaspace       used 43302K, capacity 44280K, committed 44544K, reserved 1087488K
  class space    used 5787K, capacity 6030K, committed 6144K, reserved 1048576K
Event: 7.936 GC heap after
Heap after GC invocations=13 (full 2):
 PSYoungGen      total 122880K, used 11233K [0x00000000e0000000, 0x00000000ea500000, 0x0000000100000000)
  eden space 111616K, 0% used [0x00000000e0000000,0x00000000e0000000,0x00000000e6d00000)
  from space 11264K, 99% used [0x00000000e6d00000,0x00000000e77f8778,0x00000000e7800000)
  to   space 12800K, 0% used [0x00000000e9880000,0x00000000e9880000,0x00000000ea500000)
 ParOldGen       total 75776K, used 18531K [0x00000000a0000000, 0x00000000a4a00000, 0x00000000e0000000)
  object space 75776K, 24% used [0x00000000a0000000,0x00000000a1218fc0,0x00000000a4a00000)
 Metaspace       used 43302K, capacity 44280K, committed 44544K, reserved 1087488K
  class space    used 5787K, capacity 6030K, committed 6144K, reserved 1048576K
}
Event: 8.777 GC heap before
{Heap before GC invocations=14 (full 2):
 PSYoungGen      total 122880K, used 122849K [0x00000000e0000000, 0x00000000ea500000, 0x0000000100000000)
  eden space 111616K, 100% used [0x00000000e0000000,0x00000000e6d00000,0x00000000e6d00000)
  from space 11264K, 99% used [0x00000000e6d00000,0x00000000e77f8778,0x00000000e7800000)
  to   space 12800K, 0% used [0x00000000e9880000,0x00000000e9880000,0x00000000ea500000)
 ParOldGen       total 75776K, used 18531K [0x00000000a0000000, 0x00000000a4a00000, 0x00000000e0000000)
  object space 75776K, 24% used [0x00000000a0000000,0x00000000a1218fc0,0x00000000a4a00000)
 Metaspace       used 48846K, capacity 50292K, committed 50560K, reserved 1093632K
  class space    used 6608K, capacity 6954K, committed 7040K, reserved 1048576K
Event: 8.802 GC heap after
Heap after GC invocations=14 (full 2):
 PSYoungGen      total 155136K, used 10816K [0x00000000e0000000, 0x00000000eac80000, 0x0000000100000000)
  eden space 142336K, 0% used [0x00000000e0000000,0x00000000e0000000,0x00000000e8b00000)
  from space 12800K, 84% used [0x00000000e9880000,0x00000000ea310280,0x00000000ea500000)
  to   space 13824K, 0% used [0x00000000e8b00000,0x00000000e8b00000,0x00000000e9880000)
 ParOldGen       total 75776K, used 26100K [0x00000000a0000000, 0x00000000a4a00000, 0x00000000e0000000)
  object space 75776K, 34% used [0x00000000a0000000,0x00000000a197d160,0x00000000a4a00000)
 Metaspace       used 48846K, capacity 50292K, committed 50560K, reserved 1093632K
  class space    used 6608K, capacity 6954K, committed 7040K, reserved 1048576K
}
Event: 9.805 GC heap before
{Heap before GC invocations=15 (full 2):
 PSYoungGen      total 155136K, used 153152K [0x00000000e0000000, 0x00000000eac80000, 0x0000000100000000)
  eden space 142336K, 100% used [0x00000000e0000000,0x00000000e8b00000,0x00000000e8b00000)
  from space 12800K, 84% used [0x00000000e9880000,0x00000000ea310280,0x00000000ea500000)
  to   space 13824K, 0% used [0x00000000e8b00000,0x00000000e8b00000,0x00000000e9880000)
 ParOldGen       total 75776K, used 26100K [0x00000000a0000000, 0x00000000a4a00000, 0x00000000e0000000)
  object space 75776K, 34% used [0x00000000a0000000,0x00000000a197d160,0x00000000a4a00000)
 Metaspace       used 52671K, capacity 54464K, committed 54528K, reserved 1095680K
  class space    used 7244K, capacity 7661K, committed 7680K, reserved 1048576K
Event: 9.842 GC heap after
Heap after GC invocations=15 (full 2):
 PSYoungGen      total 156160K, used 13824K [0x00000000e0000000, 0x00000000ee200000, 0x0000000100000000)
  eden space 142336K, 0% used [0x00000000e0000000,0x00000000e0000000,0x00000000e8b00000)
  from space 13824K, 100% used [0x00000000e8b00000,0x00000000e9880000,0x00000000e9880000)
  to   space 18944K, 0% used [0x00000000ecf80000,0x00000000ecf80000,0x00000000ee200000)
 ParOldGen       total 75776K, used 35346K [0x00000000a0000000, 0x00000000a4a00000, 0x00000000e0000000)
  object space 75776K, 46% used [0x00000000a0000000,0x00000000a2284880,0x00000000a4a00000)
 Metaspace       used 52671K, capacity 54464K, committed 54528K, reserved 1095680K
  class space    used 7244K, capacity 7661K, committed 7680K, reserved 1048576K
}
Event: 12.615 GC heap before
{Heap before GC invocations=16 (full 2):
 PSYoungGen      total 156160K, used 118000K [0x00000000e0000000, 0x00000000ee200000, 0x0000000100000000)
  eden space 142336K, 73% used [0x00000000e0000000,0x00000000e65bc050,0x00000000e8b00000)
  from space 13824K, 100% used [0x00000000e8b00000,0x00000000e9880000,0x00000000e9880000)
  to   space 18944K, 0% used [0x00000000ecf80000,0x00000000ecf80000,0x00000000ee200000)
 ParOldGen       total 75776K, used 35346K [0x00000000a0000000, 0x00000000a4a00000, 0x00000000e0000000)
  object space 75776K, 46% used [0x00000000a0000000,0x00000000a2284880,0x00000000a4a00000)
 Metaspace       used 56745K, capacity 59008K, committed 59028K, reserved 1099776K
  class space    used 7671K, capacity 8185K, committed 8192K, reserved 1048576K
Event: 12.640 GC heap after
Heap after GC invocations=16 (full 2):
 PSYoungGen      total 203264K, used 8061K [0x00000000e0000000, 0x00000000edc80000, 0x0000000100000000)
  eden space 189952K, 0% used [0x00000000e0000000,0x00000000e0000000,0x00000000eb980000)
  from space 13312K, 60% used [0x00000000ecf80000,0x00000000ed75f568,0x00000000edc80000)
  to   space 17920K, 0% used [0x00000000eb980000,0x00000000eb980000,0x00000000ecb00000)
 ParOldGen       total 75776K, used 49044K [0x00000000a0000000, 0x00000000a4a00000, 0x00000000e0000000)
  object space 75776K, 64% used [0x00000000a0000000,0x00000000a2fe52a8,0x00000000a4a00000)
 Metaspace       used 56745K, capacity 59008K, committed 59028K, reserved 1099776K
  class space    used 7671K, capacity 8185K, committed 8192K, reserved 1048576K
}
Event: 12.640 GC heap before
{Heap before GC invocations=17 (full 3):
 PSYoungGen      total 203264K, used 8061K [0x00000000e0000000, 0x00000000edc80000, 0x0000000100000000)
  eden space 189952K, 0% used [0x00000000e0000000,0x00000000e0000000,0x00000000eb980000)
  from space 13312K, 60% used [0x00000000ecf80000,0x00000000ed75f568,0x00000000edc80000)
  to   space 17920K, 0% used [0x00000000eb980000,0x00000000eb980000,0x00000000ecb00000)
 ParOldGen       total 75776K, used 49044K [0x00000000a0000000, 0x00000000a4a00000, 0x00000000e0000000)
  object space 75776K, 64% used [0x00000000a0000000,0x00000000a2fe52a8,0x00000000a4a00000)
 Metaspace       used 56745K, capacity 59008K, committed 59028K, reserved 1099776K
  class space    used 7671K, capacity 8185K, committed 8192K, reserved 1048576K

